<?xml version="1.0" encoding="UTF-8"?>
<!-- Generated by org.testng.reporters.JUnitReportReporter -->
<testsuite skipped="0" hostname="home-pc" name="test.CatalogPageTest" tests="1" failures="0" timestamp="2022-06-15T18:32:25 MSK" time="128.887" errors="0">
  <testcase name="catalogTest" time="128.887" classname="test.CatalogPageTest"/>
</testsuite> <!-- test.CatalogPageTest -->
