<?xml version="1.0" encoding="UTF-8"?>
<!-- Generated by org.testng.reporters.JUnitReportReporter -->
<testsuite skipped="0" hostname="home-pc" name="test.LoginPageTest" tests="2" failures="0" timestamp="2022-06-15T18:32:25 MSK" time="221.708" errors="0">
  <testcase name="loginTest" time="131.132" classname="test.LoginPageTest"/>
  <testcase name="loginInvalidTest" time="90.576" classname="test.LoginPageTest"/>
</testsuite> <!-- test.LoginPageTest -->
